Sender: LSF System <lsfadmin@node164>
Subject: Job 241921: <HELLO_MPI> Exited

Job <HELLO_MPI> was submitted from host <mu06> by user <eeghh> in cluster <TS10K>.
Job was executed on host(s) <16*node164>, in queue <cpu>, as user <eeghh> in cluster <TS10K>.
</lustre/home/eeghh> was used as the home directory.
</lustre/home/eeghh/DESCrack> was used as the working directory.
Started at Thu Jun 26 09:42:46 2014
Results reported at Thu Jun 26 09:55:32 2014

Your job looked like:

------------------------------------------------------------
# LSBATCH: User input
UB -L /bin/bash
#BSUB -J HELLO_MPI
#BSUB -n 16
#BSUB -e %J.err
#BSUB -o %J.out
#BSUB -R "span[ptile=16]"
#BSUB -q cpu

MODULEPATH=/lustre/utility/modulefiles:$MODULEPATH
module purge
module load openmpi/gcc/1.6.5

mpirun ./generator 4096 33554432 test


------------------------------------------------------------

Exited with exit code 129.

Resource usage summary:

    CPU time   :   9513.75 sec.
    Max Memory :       101 MB
    Max Swap   :      2916 MB

    Max Processes  :        20
    Max Threads    :        53

The output (if any) follows:

rank 1 of 16, succeed to create DES_4096-33554432_test_1
2097152 4096 33554432 1 16
rank 3 of 16, succeed to create DES_4096-33554432_test_3
2097152 4096 33554432 3 16
rank 4 of 16, succeed to create DES_4096-33554432_test_4
2097152 4096 33554432 4 16
rank 7 of 16, succeed to create DES_4096-33554432_test_7
2097152 4096 33554432 7 16
rank 14 of 16, succeed to create DES_4096-33554432_test_14
2097152 4096 33554432 14 16
rank 0 of 16, succeed to create DES_4096-33554432_test_0
2097152 4096 33554432 0 16
rank 5 of 16, succeed to create DES_4096-33554432_test_5
2097152 4096 33554432 5 16
rank 10 of 16, succeed to create DES_4096-33554432_test_10
2097152 4096 33554432 10 16
rank 12 of 16, succeed to create DES_4096-33554432_test_12
2097152 4096 33554432 12 16
rank 13 of 16, succeed to create DES_4096-33554432_test_13
2097152 4096 33554432 13 16
rank 15 of 16, succeed to create DES_4096-33554432_test_15
2097152 4096 33554432 15 16
rank 6 of 16, succeed to create DES_4096-33554432_test_6
2097152 4096 33554432 6 16
rank 8 of 16, succeed to create DES_4096-33554432_test_8
2097152 4096 33554432 8 16
rank 9 of 16, succeed to create DES_4096-33554432_test_9
2097152 4096 33554432 9 16
rank 11 of 16, succeed to create DES_4096-33554432_test_11
2097152 4096 33554432 11 16
rank 2 of 16, succeed to create DES_4096-33554432_test_2
2097152 4096 33554432 2 16
rank 6 of 16, generate: nChains: 9999, chainLen: 4096: total time: 13 s, 913988 us
rank 5 of 16, generate: nChains: 9999, chainLen: 4096: total time: 13 s, 925551 us
rank 9 of 16, generate: nChains: 9999, chainLen: 4096: total time: 13 s, 923513 us
rank 10 of 16, generate: nChains: 9999, chainLen: 4096: total time: 13 s, 921537 us
rank 12 of 16, generate: nChains: 9999, chainLen: 4096: total time: 13 s, 922474 us
rank 7 of 16, generate: nChains: 9999, chainLen: 4096: total time: 13 s, 925645 us
rank 14 of 16, generate: nChains: 9999, chainLen: 4096: total time: 13 s, 922236 us
rank 1 of 16, generate: nChains: 9999, chainLen: 4096: total time: 13 s, 920094 us
rank 3 of 16, generate: nChains: 9999, chainLen: 4096: total time: 13 s, 923658 us
rank 0 of 16, generate: nChains: 9999, chainLen: 4096: total time: 13 s, 926714 us
rank 15 of 16, generate: nChains: 9999, chainLen: 4096: total time: 13 s, 925477 us
rank 8 of 16, generate: nChains: 9999, chainLen: 4096: total time: 13 s, 918666 us
rank 4 of 16, generate: nChains: 9999, chainLen: 4096: total time: 13 s, 929029 us
rank 11 of 16, generate: nChains: 9999, chainLen: 4096: total time: 13 s, 939399 us
rank 2 of 16, generate: nChains: 9999, chainLen: 4096: total time: 13 s, 956556 us
rank 13 of 16, generate: nChains: 9999, chainLen: 4096: total time: 14 s, 207705 us
rank 8 of 16, generate: nChains: 19999, chainLen: 4096: total time: 13 s, 878790 us
rank 1 of 16, generate: nChains: 19999, chainLen: 4096: total time: 13 s, 882957 us
rank 10 of 16, generate: nChains: 19999, chainLen: 4096: total time: 13 s, 882550 us
rank 7 of 16, generate: nChains: 19999, chainLen: 4096: total time: 13 s, 880179 us
rank 14 of 16, generate: nChains: 19999, chainLen: 4096: total time: 13 s, 886579 us
rank 12 of 16, generate: nChains: 19999, chainLen: 4096: total time: 13 s, 889074 us
rank 3 of 16, generate: nChains: 19999, chainLen: 4096: total time: 13 s, 892302 us
rank 0 of 16, generate: nChains: 19999, chainLen: 4096: total time: 13 s, 887542 us
rank 15 of 16, generate: nChains: 19999, chainLen: 4096: total time: 13 s, 887401 us
rank 4 of 16, generate: nChains: 19999, chainLen: 4096: total time: 13 s, 887459 us
rank 5 of 16, generate: nChains: 19999, chainLen: 4096: total time: 13 s, 895711 us
rank 9 of 16, generate: nChains: 19999, chainLen: 4096: total time: 13 s, 893013 us
rank 6 of 16, generate: nChains: 19999, chainLen: 4096: total time: 13 s, 910694 us
rank 11 of 16, generate: nChains: 19999, chainLen: 4096: total time: 13 s, 899423 us
rank 2 of 16, generate: nChains: 19999, chainLen: 4096: total time: 13 s, 902276 us
rank 13 of 16, generate: nChains: 19999, chainLen: 4096: total time: 14 s, 173683 us
rank 8 of 16, generate: nChains: 29999, chainLen: 4096: total time: 13 s, 884124 us
rank 1 of 16, generate: nChains: 29999, chainLen: 4096: total time: 13 s, 885506 us
rank 7 of 16, generate: nChains: 29999, chainLen: 4096: total time: 13 s, 885518 us
rank 10 of 16, generate: nChains: 29999, chainLen: 4096: total time: 13 s, 889029 us
rank 0 of 16, generate: nChains: 29999, chainLen: 4096: total time: 13 s, 891552 us
rank 6 of 16, generate: nChains: 29999, chainLen: 4096: total time: 13 s, 881360 us
rank 15 of 16, generate: nChains: 29999, chainLen: 4096: total time: 13 s, 892470 us
rank 9 of 16, generate: nChains: 29999, chainLen: 4096: total time: 13 s, 893852 us
rank 12 of 16, generate: nChains: 29999, chainLen: 4096: total time: 13 s, 898325 us
rank 5 of 16, generate: nChains: 29999, chainLen: 4096: total time: 13 s, 892900 us
rank 3 of 16, generate: nChains: 29999, chainLen: 4096: total time: 13 s, 913224 us
rank 4 of 16, generate: nChains: 29999, chainLen: 4096: total time: 13 s, 915752 us
rank 14 of 16, generate: nChains: 29999, chainLen: 4096: total time: 13 s, 923900 us
rank 11 of 16, generate: nChains: 29999, chainLen: 4096: total time: 13 s, 890451 us
rank 2 of 16, generate: nChains: 29999, chainLen: 4096: total time: 13 s, 886903 us
rank 13 of 16, generate: nChains: 29999, chainLen: 4096: total time: 14 s, 177847 us
rank 8 of 16, generate: nChains: 39999, chainLen: 4096: total time: 13 s, 878030 us
rank 1 of 16, generate: nChains: 39999, chainLen: 4096: total time: 13 s, 879420 us
rank 7 of 16, generate: nChains: 39999, chainLen: 4096: total time: 13 s, 879422 us
rank 10 of 16, generate: nChains: 39999, chainLen: 4096: total time: 13 s, 882294 us
rank 6 of 16, generate: nChains: 39999, chainLen: 4096: total time: 13 s, 875961 us
rank 0 of 16, generate: nChains: 39999, chainLen: 4096: total time: 13 s, 884803 us
rank 15 of 16, generate: nChains: 39999, chainLen: 4096: total time: 13 s, 882314 us
rank 9 of 16, generate: nChains: 39999, chainLen: 4096: total time: 13 s, 882359 us
rank 5 of 16, generate: nChains: 39999, chainLen: 4096: total time: 13 s, 884734 us
rank 12 of 16, generate: nChains: 39999, chainLen: 4096: total time: 13 s, 898394 us
rank 11 of 16, generate: nChains: 39999, chainLen: 4096: total time: 13 s, 882297 us
rank 4 of 16, generate: nChains: 39999, chainLen: 4096: total time: 13 s, 896723 us
rank 2 of 16, generate: nChains: 39999, chainLen: 4096: total time: 13 s, 882350 us
rank 14 of 16, generate: nChains: 39999, chainLen: 4096: total time: 13 s, 918203 us
rank 3 of 16, generate: nChains: 39999, chainLen: 4096: total time: 13 s, 944268 us
rank 13 of 16, generate: nChains: 39999, chainLen: 4096: total time: 14 s, 173719 us
rank 8 of 16, generate: nChains: 49999, chainLen: 4096: total time: 13 s, 878053 us
rank 1 of 16, generate: nChains: 49999, chainLen: 4096: total time: 13 s, 885117 us
rank 7 of 16, generate: nChains: 49999, chainLen: 4096: total time: 13 s, 883619 us
rank 6 of 16, generate: nChains: 49999, chainLen: 4096: total time: 13 s, 880100 us
rank 10 of 16, generate: nChains: 49999, chainLen: 4096: total time: 13 s, 895795 us
rank 15 of 16, generate: nChains: 49999, chainLen: 4096: total time: 13 s, 889229 us
rank 9 of 16, generate: nChains: 49999, chainLen: 4096: total time: 13 s, 887805 us
rank 0 of 16, generate: nChains: 49999, chainLen: 4096: total time: 13 s, 890127 us
rank 5 of 16, generate: nChains: 49999, chainLen: 4096: total time: 13 s, 890549 us
rank 12 of 16, generate: nChains: 49999, chainLen: 4096: total time: 13 s, 899430 us
rank 11 of 16, generate: nChains: 49999, chainLen: 4096: total time: 13 s, 895963 us
rank 2 of 16, generate: nChains: 49999, chainLen: 4096: total time: 13 s, 888854 us
rank 4 of 16, generate: nChains: 49999, chainLen: 4096: total time: 13 s, 899706 us
rank 14 of 16, generate: nChains: 49999, chainLen: 4096: total time: 13 s, 913576 us
rank 3 of 16, generate: nChains: 49999, chainLen: 4096: total time: 13 s, 894697 us
rank 13 of 16, generate: nChains: 49999, chainLen: 4096: total time: 14 s, 176054 us
rank 8 of 16, generate: nChains: 59999, chainLen: 4096: total time: 13 s, 879638 us
rank 7 of 16, generate: nChains: 59999, chainLen: 4096: total time: 13 s, 880129 us
rank 1 of 16, generate: nChains: 59999, chainLen: 4096: total time: 13 s, 882801 us
rank 6 of 16, generate: nChains: 59999, chainLen: 4096: total time: 13 s, 875474 us
rank 15 of 16, generate: nChains: 59999, chainLen: 4096: total time: 13 s, 882834 us
rank 9 of 16, generate: nChains: 59999, chainLen: 4096: total time: 13 s, 882815 us
rank 0 of 16, generate: nChains: 59999, chainLen: 4096: total time: 13 s, 885662 us
rank 5 of 16, generate: nChains: 59999, chainLen: 4096: total time: 13 s, 894600 us
rank 11 of 16, generate: nChains: 59999, chainLen: 4096: total time: 13 s, 875551 us
rank 12 of 16, generate: nChains: 59999, chainLen: 4096: total time: 13 s, 897039 us
rank 10 of 16, generate: nChains: 59999, chainLen: 4096: total time: 13 s, 936973 us
rank 4 of 16, generate: nChains: 59999, chainLen: 4096: total time: 13 s, 883241 us
rank 2 of 16, generate: nChains: 59999, chainLen: 4096: total time: 13 s, 898396 us
rank 3 of 16, generate: nChains: 59999, chainLen: 4096: total time: 13 s, 884191 us
rank 14 of 16, generate: nChains: 59999, chainLen: 4096: total time: 13 s, 903142 us
rank 13 of 16, generate: nChains: 59999, chainLen: 4096: total time: 14 s, 173383 us
rank 8 of 16, generate: nChains: 69999, chainLen: 4096: total time: 13 s, 880307 us
rank 7 of 16, generate: nChains: 69999, chainLen: 4096: total time: 13 s, 878415 us
rank 1 of 16, generate: nChains: 69999, chainLen: 4096: total time: 13 s, 882578 us
rank 6 of 16, generate: nChains: 69999, chainLen: 4096: total time: 13 s, 874792 us
rank 15 of 16, generate: nChains: 69999, chainLen: 4096: total time: 13 s, 880456 us
rank 0 of 16, generate: nChains: 69999, chainLen: 4096: total time: 13 s, 884640 us
rank 9 of 16, generate: nChains: 69999, chainLen: 4096: total time: 13 s, 884503 us
rank 11 of 16, generate: nChains: 69999, chainLen: 4096: total time: 13 s, 874804 us
rank 5 of 16, generate: nChains: 69999, chainLen: 4096: total time: 13 s, 886978 us
rank 4 of 16, generate: nChains: 69999, chainLen: 4096: total time: 13 s, 884516 us
rank 12 of 16, generate: nChains: 69999, chainLen: 4096: total time: 13 s, 899133 us
rank 10 of 16, generate: nChains: 69999, chainLen: 4096: total time: 13 s, 897400 us
rank 3 of 16, generate: nChains: 69999, chainLen: 4096: total time: 13 s, 880392 us
rank 2 of 16, generate: nChains: 69999, chainLen: 4096: total time: 13 s, 910625 us
rank 14 of 16, generate: nChains: 69999, chainLen: 4096: total time: 13 s, 907280 us
rank 13 of 16, generate: nChains: 69999, chainLen: 4096: total time: 14 s, 172996 us
rank 8 of 16, generate: nChains: 79999, chainLen: 4096: total time: 13 s, 879347 us
rank 7 of 16, generate: nChains: 79999, chainLen: 4096: total time: 13 s, 884902 us
rank 6 of 16, generate: nChains: 79999, chainLen: 4096: total time: 13 s, 882124 us
rank 1 of 16, generate: nChains: 79999, chainLen: 4096: total time: 13 s, 884904 us
rank 15 of 16, generate: nChains: 79999, chainLen: 4096: total time: 13 s, 888087 us
rank 0 of 16, generate: nChains: 79999, chainLen: 4096: total time: 13 s, 888083 us
rank 9 of 16, generate: nChains: 79999, chainLen: 4096: total time: 13 s, 891312 us
rank 11 of 16, generate: nChains: 79999, chainLen: 4096: total time: 13 s, 882139 us
rank 5 of 16, generate: nChains: 79999, chainLen: 4096: total time: 13 s, 904509 us
rank 4 of 16, generate: nChains: 79999, chainLen: 4096: total time: 13 s, 886838 us
rank 10 of 16, generate: nChains: 79999, chainLen: 4096: total time: 13 s, 888213 us
rank 12 of 16, generate: nChains: 79999, chainLen: 4096: total time: 13 s, 894961 us
rank 3 of 16, generate: nChains: 79999, chainLen: 4096: total time: 13 s, 885445 us
rank 2 of 16, generate: nChains: 79999, chainLen: 4096: total time: 13 s, 905124 us
rank 14 of 16, generate: nChains: 79999, chainLen: 4096: total time: 13 s, 920942 us
rank 13 of 16, generate: nChains: 79999, chainLen: 4096: total time: 14 s, 176941 us
rank 8 of 16, generate: nChains: 89999, chainLen: 4096: total time: 13 s, 876394 us
rank 6 of 16, generate: nChains: 89999, chainLen: 4096: total time: 13 s, 876392 us
rank 7 of 16, generate: nChains: 89999, chainLen: 4096: total time: 13 s, 880553 us
rank 1 of 16, generate: nChains: 89999, chainLen: 4096: total time: 13 s, 881946 us
rank 15 of 16, generate: nChains: 89999, chainLen: 4096: total time: 13 s, 883707 us
rank 11 of 16, generate: nChains: 89999, chainLen: 4096: total time: 13 s, 873595 us
rank 0 of 16, generate: nChains: 89999, chainLen: 4096: total time: 13 s, 883609 us
rank 9 of 16, generate: nChains: 89999, chainLen: 4096: total time: 13 s, 885109 us
rank 4 of 16, generate: nChains: 89999, chainLen: 4096: total time: 13 s, 893310 us
rank 10 of 16, generate: nChains: 89999, chainLen: 4096: total time: 13 s, 883598 us
rank 12 of 16, generate: nChains: 89999, chainLen: 4096: total time: 13 s, 896704 us
rank 3 of 16, generate: nChains: 89999, chainLen: 4096: total time: 13 s, 883596 us
rank 5 of 16, generate: nChains: 89999, chainLen: 4096: total time: 13 s, 946161 us
rank 2 of 16, generate: nChains: 89999, chainLen: 4096: total time: 13 s, 911981 us
rank 14 of 16, generate: nChains: 89999, chainLen: 4096: total time: 13 s, 908322 us
rank 13 of 16, generate: nChains: 89999, chainLen: 4096: total time: 14 s, 172975 us
rank 8 of 16, generate: nChains: 99999, chainLen: 4096: total time: 13 s, 879597 us
rank 6 of 16, generate: nChains: 99999, chainLen: 4096: total time: 13 s, 883630 us
rank 7 of 16, generate: nChains: 99999, chainLen: 4096: total time: 13 s, 884277 us
rank 1 of 16, generate: nChains: 99999, chainLen: 4096: total time: 13 s, 887808 us
rank 11 of 16, generate: nChains: 99999, chainLen: 4096: total time: 13 s, 880862 us
rank 15 of 16, generate: nChains: 99999, chainLen: 4096: total time: 13 s, 889326 us
rank 0 of 16, generate: nChains: 99999, chainLen: 4096: total time: 13 s, 889895 us
rank 9 of 16, generate: nChains: 99999, chainLen: 4096: total time: 13 s, 888528 us
rank 4 of 16, generate: nChains: 99999, chainLen: 4096: total time: 13 s, 888953 us
rank 10 of 16, generate: nChains: 99999, chainLen: 4096: total time: 13 s, 887806 us
rank 12 of 16, generate: nChains: 99999, chainLen: 4096: total time: 13 s, 896600 us
rank 5 of 16, generate: nChains: 99999, chainLen: 4096: total time: 13 s, 897136 us
rank 2 of 16, generate: nChains: 99999, chainLen: 4096: total time: 13 s, 907938 us
rank 3 of 16, generate: nChains: 99999, chainLen: 4096: total time: 13 s, 956952 us
rank 14 of 16, generate: nChains: 99999, chainLen: 4096: total time: 13 s, 979986 us
rank 13 of 16, generate: nChains: 99999, chainLen: 4096: total time: 14 s, 177465 us
rank 8 of 16, generate: nChains: 109999, chainLen: 4096: total time: 13 s, 873898 us
rank 7 of 16, generate: nChains: 109999, chainLen: 4096: total time: 13 s, 885939 us
rank 6 of 16, generate: nChains: 109999, chainLen: 4096: total time: 13 s, 892077 us
rank 1 of 16, generate: nChains: 109999, chainLen: 4096: total time: 13 s, 883737 us
rank 11 of 16, generate: nChains: 109999, chainLen: 4096: total time: 13 s, 871264 us
rank 15 of 16, generate: nChains: 109999, chainLen: 4096: total time: 13 s, 893312 us
rank 9 of 16, generate: nChains: 109999, chainLen: 4096: total time: 13 s, 884008 us
rank 0 of 16, generate: nChains: 109999, chainLen: 4096: total time: 13 s, 885845 us
rank 10 of 16, generate: nChains: 109999, chainLen: 4096: total time: 13 s, 872657 us
rank 4 of 16, generate: nChains: 109999, chainLen: 4096: total time: 13 s, 884053 us
rank 12 of 16, generate: nChains: 109999, chainLen: 4096: total time: 13 s, 896514 us
rank 2 of 16, generate: nChains: 109999, chainLen: 4096: total time: 13 s, 882463 us
rank 3 of 16, generate: nChains: 109999, chainLen: 4096: total time: 13 s, 901354 us
rank 5 of 16, generate: nChains: 109999, chainLen: 4096: total time: 13 s, 941127 us
rank 14 of 16, generate: nChains: 109999, chainLen: 4096: total time: 13 s, 885977 us
rank 13 of 16, generate: nChains: 109999, chainLen: 4096: total time: 14 s, 172314 us
rank 8 of 16, generate: nChains: 119999, chainLen: 4096: total time: 13 s, 880364 us
rank 7 of 16, generate: nChains: 119999, chainLen: 4096: total time: 13 s, 887225 us
rank 1 of 16, generate: nChains: 119999, chainLen: 4096: total time: 13 s, 882018 us
rank 11 of 16, generate: nChains: 119999, chainLen: 4096: total time: 13 s, 872386 us
rank 6 of 16, generate: nChains: 119999, chainLen: 4096: total time: 13 s, 904245 us
rank 15 of 16, generate: nChains: 119999, chainLen: 4096: total time: 13 s, 883079 us
rank 9 of 16, generate: nChains: 119999, chainLen: 4096: total time: 13 s, 881739 us
rank 0 of 16, generate: nChains: 119999, chainLen: 4096: total time: 13 s, 881740 us
rank 10 of 16, generate: nChains: 119999, chainLen: 4096: total time: 13 s, 873432 us
rank 4 of 16, generate: nChains: 119999, chainLen: 4096: total time: 13 s, 881662 us
rank 12 of 16, generate: nChains: 119999, chainLen: 4096: total time: 13 s, 898106 us
rank 2 of 16, generate: nChains: 119999, chainLen: 4096: total time: 13 s, 881692 us
rank 5 of 16, generate: nChains: 119999, chainLen: 4096: total time: 13 s, 902317 us
rank 3 of 16, generate: nChains: 119999, chainLen: 4096: total time: 13 s, 902584 us
rank 14 of 16, generate: nChains: 119999, chainLen: 4096: total time: 13 s, 887271 us
rank 13 of 16, generate: nChains: 119999, chainLen: 4096: total time: 14 s, 173102 us
rank 8 of 16, generate: nChains: 129999, chainLen: 4096: total time: 13 s, 878431 us
rank 7 of 16, generate: nChains: 129999, chainLen: 4096: total time: 13 s, 887065 us
rank 11 of 16, generate: nChains: 129999, chainLen: 4096: total time: 13 s, 878155 us
rank 1 of 16, generate: nChains: 129999, chainLen: 4096: total time: 13 s, 880960 us
rank 6 of 16, generate: nChains: 129999, chainLen: 4096: total time: 13 s, 897706 us
rank 15 of 16, generate: nChains: 129999, chainLen: 4096: total time: 13 s, 886689 us
rank 9 of 16, generate: nChains: 129999, chainLen: 4096: total time: 13 s, 885298 us
rank 0 of 16, generate: nChains: 129999, chainLen: 4096: total time: 13 s, 885296 us
rank 10 of 16, generate: nChains: 129999, chainLen: 4096: total time: 13 s, 875664 us
rank 4 of 16, generate: nChains: 129999, chainLen: 4096: total time: 13 s, 901013 us
rank 12 of 16, generate: nChains: 129999, chainLen: 4096: total time: 13 s, 894689 us
rank 5 of 16, generate: nChains: 129999, chainLen: 4096: total time: 13 s, 897119 us
rank 3 of 16, generate: nChains: 129999, chainLen: 4096: total time: 13 s, 895912 us
rank 2 of 16, generate: nChains: 129999, chainLen: 4096: total time: 13 s, 947079 us
rank 14 of 16, generate: nChains: 129999, chainLen: 4096: total time: 13 s, 886544 us
rank 13 of 16, generate: nChains: 129999, chainLen: 4096: total time: 14 s, 175286 us
rank 8 of 16, generate: nChains: 139999, chainLen: 4096: total time: 13 s, 877273 us
rank 11 of 16, generate: nChains: 139999, chainLen: 4096: total time: 13 s, 875708 us
rank 1 of 16, generate: nChains: 139999, chainLen: 4096: total time: 13 s, 880092 us
rank 7 of 16, generate: nChains: 139999, chainLen: 4096: total time: 13 s, 883514 us
rank 9 of 16, generate: nChains: 139999, chainLen: 4096: total time: 13 s, 878221 us
rank 15 of 16, generate: nChains: 139999, chainLen: 4096: total time: 13 s, 880971 us
rank 0 of 16, generate: nChains: 139999, chainLen: 4096: total time: 13 s, 883833 us
rank 6 of 16, generate: nChains: 139999, chainLen: 4096: total time: 13 s, 901909 us
rank 10 of 16, generate: nChains: 139999, chainLen: 4096: total time: 13 s, 883993 us
rank 4 of 16, generate: nChains: 139999, chainLen: 4096: total time: 13 s, 901355 us
rank 12 of 16, generate: nChains: 139999, chainLen: 4096: total time: 13 s, 897036 us
rank 3 of 16, generate: nChains: 139999, chainLen: 4096: total time: 13 s, 881989 us
rank 5 of 16, generate: nChains: 139999, chainLen: 4096: total time: 13 s, 883073 us
rank 2 of 16, generate: nChains: 139999, chainLen: 4096: total time: 13 s, 893957 us
rank 14 of 16, generate: nChains: 139999, chainLen: 4096: total time: 13 s, 878445 us
rank 13 of 16, generate: nChains: 139999, chainLen: 4096: total time: 14 s, 173222 us
rank 8 of 16, generate: nChains: 149999, chainLen: 4096: total time: 13 s, 880266 us
rank 11 of 16, generate: nChains: 149999, chainLen: 4096: total time: 13 s, 882244 us
rank 1 of 16, generate: nChains: 149999, chainLen: 4096: total time: 13 s, 886753 us
rank 7 of 16, generate: nChains: 149999, chainLen: 4096: total time: 13 s, 888117 us
rank 9 of 16, generate: nChains: 149999, chainLen: 4096: total time: 13 s, 884046 us
rank 0 of 16, generate: nChains: 149999, chainLen: 4096: total time: 13 s, 887404 us
rank 15 of 16, generate: nChains: 149999, chainLen: 4096: total time: 13 s, 895150 us
rank 6 of 16, generate: nChains: 149999, chainLen: 4096: total time: 13 s, 899597 us
rank 10 of 16, generate: nChains: 149999, chainLen: 4096: total time: 13 s, 929754 us
rank 4 of 16, generate: nChains: 149999, chainLen: 4096: total time: 13 s, 903555 us
rank 12 of 16, generate: nChains: 149999, chainLen: 4096: total time: 13 s, 899386 us
rank 3 of 16, generate: nChains: 149999, chainLen: 4096: total time: 13 s, 884266 us
rank 5 of 16, generate: nChains: 149999, chainLen: 4096: total time: 13 s, 884762 us
rank 2 of 16, generate: nChains: 149999, chainLen: 4096: total time: 13 s, 889170 us
rank 14 of 16, generate: nChains: 149999, chainLen: 4096: total time: 13 s, 883931 us
rank 13 of 16, generate: nChains: 149999, chainLen: 4096: total time: 14 s, 174509 us
rank 8 of 16, generate: nChains: 159999, chainLen: 4096: total time: 13 s, 872597 us
rank 11 of 16, generate: nChains: 159999, chainLen: 4096: total time: 13 s, 883477 us
rank 1 of 16, generate: nChains: 159999, chainLen: 4096: total time: 13 s, 885843 us
rank 7 of 16, generate: nChains: 159999, chainLen: 4096: total time: 13 s, 883453 us
rank 9 of 16, generate: nChains: 159999, chainLen: 4096: total time: 13 s, 883507 us
rank 0 of 16, generate: nChains: 159999, chainLen: 4096: total time: 13 s, 875821 us
rank 6 of 16, generate: nChains: 159999, chainLen: 4096: total time: 13 s, 872977 us
rank 15 of 16, generate: nChains: 159999, chainLen: 4096: total time: 13 s, 884917 us
rank 10 of 16, generate: nChains: 159999, chainLen: 4096: total time: 13 s, 872939 us
rank 4 of 16, generate: nChains: 159999, chainLen: 4096: total time: 13 s, 926753 us
rank 12 of 16, generate: nChains: 159999, chainLen: 4096: total time: 13 s, 906912 us
rank 5 of 16, generate: nChains: 159999, chainLen: 4096: total time: 13 s, 873785 us
rank 3 of 16, generate: nChains: 159999, chainLen: 4096: total time: 13 s, 885009 us
rank 2 of 16, generate: nChains: 159999, chainLen: 4096: total time: 13 s, 885669 us
rank 14 of 16, generate: nChains: 159999, chainLen: 4096: total time: 13 s, 890217 us
rank 13 of 16, generate: nChains: 159999, chainLen: 4096: total time: 14 s, 172671 us
rank 8 of 16, generate: nChains: 169999, chainLen: 4096: total time: 13 s, 877223 us
rank 11 of 16, generate: nChains: 169999, chainLen: 4096: total time: 13 s, 879433 us
rank 1 of 16, generate: nChains: 169999, chainLen: 4096: total time: 13 s, 884396 us
rank 7 of 16, generate: nChains: 169999, chainLen: 4096: total time: 13 s, 880822 us
rank 9 of 16, generate: nChains: 169999, chainLen: 4096: total time: 13 s, 879427 us
rank 0 of 16, generate: nChains: 169999, chainLen: 4096: total time: 13 s, 881862 us
rank 15 of 16, generate: nChains: 169999, chainLen: 4096: total time: 13 s, 884982 us
rank 6 of 16, generate: nChains: 169999, chainLen: 4096: total time: 13 s, 889665 us
rank 10 of 16, generate: nChains: 169999, chainLen: 4096: total time: 13 s, 876188 us
rank 4 of 16, generate: nChains: 169999, chainLen: 4096: total time: 13 s, 904677 us
rank 5 of 16, generate: nChains: 169999, chainLen: 4096: total time: 13 s, 876268 us
rank 3 of 16, generate: nChains: 169999, chainLen: 4096: total time: 13 s, 883338 us
rank 12 of 16, generate: nChains: 169999, chainLen: 4096: total time: 13 s, 924239 us
rank 2 of 16, generate: nChains: 169999, chainLen: 4096: total time: 13 s, 882034 us
rank 14 of 16, generate: nChains: 169999, chainLen: 4096: total time: 13 s, 923288 us
rank 13 of 16, generate: nChains: 169999, chainLen: 4096: total time: 14 s, 174849 us
rank 8 of 16, generate: nChains: 179999, chainLen: 4096: total time: 13 s, 879959 us
rank 11 of 16, generate: nChains: 179999, chainLen: 4096: total time: 13 s, 885734 us
rank 1 of 16, generate: nChains: 179999, chainLen: 4096: total time: 13 s, 884843 us
rank 7 of 16, generate: nChains: 179999, chainLen: 4096: total time: 13 s, 887129 us
rank 0 of 16, generate: nChains: 179999, chainLen: 4096: total time: 13 s, 883471 us
rank 9 of 16, generate: nChains: 179999, chainLen: 4096: total time: 13 s, 885746 us
rank 6 of 16, generate: nChains: 179999, chainLen: 4096: total time: 13 s, 896609 us
rank 15 of 16, generate: nChains: 179999, chainLen: 4096: total time: 13 s, 913991 us
rank 10 of 16, generate: nChains: 179999, chainLen: 4096: total time: 13 s, 886838 us
rank 4 of 16, generate: nChains: 179999, chainLen: 4096: total time: 13 s, 879846 us
rank 5 of 16, generate: nChains: 179999, chainLen: 4096: total time: 13 s, 885561 us
rank 3 of 16, generate: nChains: 179999, chainLen: 4096: total time: 13 s, 882203 us
rank 2 of 16, generate: nChains: 179999, chainLen: 4096: total time: 13 s, 889051 us
rank 12 of 16, generate: nChains: 179999, chainLen: 4096: total time: 13 s, 917804 us
rank 14 of 16, generate: nChains: 179999, chainLen: 4096: total time: 13 s, 882980 us
rank 13 of 16, generate: nChains: 179999, chainLen: 4096: total time: 14 s, 170727 us
rank 8 of 16, generate: nChains: 189999, chainLen: 4096: total time: 13 s, 879937 us
rank 11 of 16, generate: nChains: 189999, chainLen: 4096: total time: 13 s, 890629 us
rank 1 of 16, generate: nChains: 189999, chainLen: 4096: total time: 13 s, 885079 us
rank 7 of 16, generate: nChains: 189999, chainLen: 4096: total time: 13 s, 882300 us
rank 0 of 16, generate: nChains: 189999, chainLen: 4096: total time: 13 s, 880952 us
rank 9 of 16, generate: nChains: 189999, chainLen: 4096: total time: 13 s, 880920 us
rank 6 of 16, generate: nChains: 189999, chainLen: 4096: total time: 13 s, 892375 us
rank 15 of 16, generate: nChains: 189999, chainLen: 4096: total time: 13 s, 897115 us
rank 10 of 16, generate: nChains: 189999, chainLen: 4096: total time: 13 s, 882328 us
rank 4 of 16, generate: nChains: 189999, chainLen: 4096: total time: 13 s, 878212 us
rank 5 of 16, generate: nChains: 189999, chainLen: 4096: total time: 13 s, 878832 us
rank 3 of 16, generate: nChains: 189999, chainLen: 4096: total time: 13 s, 881858 us
rank 2 of 16, generate: nChains: 189999, chainLen: 4096: total time: 13 s, 886630 us
rank 12 of 16, generate: nChains: 189999, chainLen: 4096: total time: 13 s, 921108 us
rank 14 of 16, generate: nChains: 189999, chainLen: 4096: total time: 13 s, 881673 us
rank 13 of 16, generate: nChains: 189999, chainLen: 4096: total time: 14 s, 170361 us
rank 8 of 16, generate: nChains: 199999, chainLen: 4096: total time: 13 s, 878809 us
rank 11 of 16, generate: nChains: 199999, chainLen: 4096: total time: 13 s, 886264 us
rank 7 of 16, generate: nChains: 199999, chainLen: 4096: total time: 13 s, 887656 us
rank 1 of 16, generate: nChains: 199999, chainLen: 4096: total time: 13 s, 890542 us
rank 9 of 16, generate: nChains: 199999, chainLen: 4096: total time: 13 s, 886285 us
rank 0 of 16, generate: nChains: 199999, chainLen: 4096: total time: 13 s, 890620 us
rank 10 of 16, generate: nChains: 199999, chainLen: 4096: total time: 13 s, 881324 us
rank 6 of 16, generate: nChains: 199999, chainLen: 4096: total time: 13 s, 923334 us
rank 15 of 16, generate: nChains: 199999, chainLen: 4096: total time: 13 s, 902907 us
rank 4 of 16, generate: nChains: 199999, chainLen: 4096: total time: 13 s, 879153 us
rank 3 of 16, generate: nChains: 199999, chainLen: 4096: total time: 13 s, 886249 us
rank 5 of 16, generate: nChains: 199999, chainLen: 4096: total time: 13 s, 914716 us
rank 2 of 16, generate: nChains: 199999, chainLen: 4096: total time: 13 s, 891309 us
rank 12 of 16, generate: nChains: 199999, chainLen: 4096: total time: 13 s, 916188 us
rank 14 of 16, generate: nChains: 199999, chainLen: 4096: total time: 13 s, 884815 us
rank 13 of 16, generate: nChains: 199999, chainLen: 4096: total time: 14 s, 201711 us
rank 8 of 16, generate: nChains: 209999, chainLen: 4096: total time: 13 s, 878591 us
rank 11 of 16, generate: nChains: 209999, chainLen: 4096: total time: 13 s, 884071 us
rank 7 of 16, generate: nChains: 209999, chainLen: 4096: total time: 13 s, 885734 us
rank 1 of 16, generate: nChains: 209999, chainLen: 4096: total time: 13 s, 885624 us
rank 0 of 16, generate: nChains: 209999, chainLen: 4096: total time: 13 s, 878402 us
rank 9 of 16, generate: nChains: 209999, chainLen: 4096: total time: 13 s, 885724 us
rank 10 of 16, generate: nChains: 209999, chainLen: 4096: total time: 13 s, 873736 us
rank 6 of 16, generate: nChains: 209999, chainLen: 4096: total time: 13 s, 884039 us
rank 15 of 16, generate: nChains: 209999, chainLen: 4096: total time: 13 s, 903110 us
rank 4 of 16, generate: nChains: 209999, chainLen: 4096: total time: 13 s, 874316 us
rank 3 of 16, generate: nChains: 209999, chainLen: 4096: total time: 13 s, 885377 us
rank 5 of 16, generate: nChains: 209999, chainLen: 4096: total time: 13 s, 891303 us
rank 2 of 16, generate: nChains: 209999, chainLen: 4096: total time: 13 s, 887055 us
rank 14 of 16, generate: nChains: 209999, chainLen: 4096: total time: 13 s, 883975 us
rank 12 of 16, generate: nChains: 209999, chainLen: 4096: total time: 13 s, 919516 us
rank 13 of 16, generate: nChains: 209999, chainLen: 4096: total time: 14 s, 183189 us
rank 8 of 16, generate: nChains: 219999, chainLen: 4096: total time: 13 s, 877433 us
rank 11 of 16, generate: nChains: 219999, chainLen: 4096: total time: 13 s, 883762 us
rank 7 of 16, generate: nChains: 219999, chainLen: 4096: total time: 13 s, 881446 us
rank 1 of 16, generate: nChains: 219999, chainLen: 4096: total time: 13 s, 887332 us
rank 0 of 16, generate: nChains: 219999, chainLen: 4096: total time: 13 s, 880129 us
rank 9 of 16, generate: nChains: 219999, chainLen: 4096: total time: 13 s, 883729 us
rank 10 of 16, generate: nChains: 219999, chainLen: 4096: total time: 13 s, 874513 us
rank 6 of 16, generate: nChains: 219999, chainLen: 4096: total time: 13 s, 881775 us
rank 4 of 16, generate: nChains: 219999, chainLen: 4096: total time: 13 s, 878605 us
rank 15 of 16, generate: nChains: 219999, chainLen: 4096: total time: 13 s, 933531 us
rank 3 of 16, generate: nChains: 219999, chainLen: 4096: total time: 13 s, 885461 us
rank 5 of 16, generate: nChains: 219999, chainLen: 4096: total time: 13 s, 907266 us
rank 2 of 16, generate: nChains: 219999, chainLen: 4096: total time: 13 s, 884745 us
rank 14 of 16, generate: nChains: 219999, chainLen: 4096: total time: 13 s, 881170 us
rank 12 of 16, generate: nChains: 219999, chainLen: 4096: total time: 13 s, 914812 us
rank 13 of 16, generate: nChains: 219999, chainLen: 4096: total time: 14 s, 178832 us
rank 8 of 16, generate: nChains: 229999, chainLen: 4096: total time: 13 s, 877442 us
rank 11 of 16, generate: nChains: 229999, chainLen: 4096: total time: 13 s, 880477 us
rank 7 of 16, generate: nChains: 229999, chainLen: 4096: total time: 13 s, 886694 us
rank 1 of 16, generate: nChains: 229999, chainLen: 4096: total time: 13 s, 887751 us
rank 0 of 16, generate: nChains: 229999, chainLen: 4096: total time: 13 s, 876079 us
rank 9 of 16, generate: nChains: 229999, chainLen: 4096: total time: 13 s, 891324 us
rank 10 of 16, generate: nChains: 229999, chainLen: 4096: total time: 13 s, 878811 us
rank 6 of 16, generate: nChains: 229999, chainLen: 4096: total time: 13 s, 882513 us
rank 4 of 16, generate: nChains: 229999, chainLen: 4096: total time: 13 s, 877419 us
rank 15 of 16, generate: nChains: 229999, chainLen: 4096: total time: 13 s, 882549 us
rank 3 of 16, generate: nChains: 229999, chainLen: 4096: total time: 13 s, 885843 us
rank 2 of 16, generate: nChains: 229999, chainLen: 4096: total time: 13 s, 890682 us
rank 5 of 16, generate: nChains: 229999, chainLen: 4096: total time: 13 s, 905921 us
rank 14 of 16, generate: nChains: 229999, chainLen: 4096: total time: 13 s, 883191 us
rank 12 of 16, generate: nChains: 229999, chainLen: 4096: total time: 13 s, 927677 us
rank 13 of 16, generate: nChains: 229999, chainLen: 4096: total time: 14 s, 176483 us
rank 8 of 16, generate: nChains: 239999, chainLen: 4096: total time: 13 s, 882641 us
rank 11 of 16, generate: nChains: 239999, chainLen: 4096: total time: 13 s, 880237 us
rank 7 of 16, generate: nChains: 239999, chainLen: 4096: total time: 13 s, 881624 us
rank 0 of 16, generate: nChains: 239999, chainLen: 4096: total time: 13 s, 878649 us
rank 1 of 16, generate: nChains: 239999, chainLen: 4096: total time: 13 s, 892953 us
rank 9 of 16, generate: nChains: 239999, chainLen: 4096: total time: 13 s, 884665 us
rank 10 of 16, generate: nChains: 239999, chainLen: 4096: total time: 13 s, 875898 us
rank 6 of 16, generate: nChains: 239999, chainLen: 4096: total time: 13 s, 881592 us
rank 4 of 16, generate: nChains: 239999, chainLen: 4096: total time: 13 s, 878748 us
rank 15 of 16, generate: nChains: 239999, chainLen: 4096: total time: 13 s, 912092 us
rank 3 of 16, generate: nChains: 239999, chainLen: 4096: total time: 13 s, 881557 us
rank 2 of 16, generate: nChains: 239999, chainLen: 4096: total time: 13 s, 887046 us
rank 5 of 16, generate: nChains: 239999, chainLen: 4096: total time: 13 s, 898964 us
rank 14 of 16, generate: nChains: 239999, chainLen: 4096: total time: 13 s, 907742 us
rank 12 of 16, generate: nChains: 239999, chainLen: 4096: total time: 13 s, 917214 us
rank 13 of 16, generate: nChains: 239999, chainLen: 4096: total time: 14 s, 177129 us
rank 8 of 16, generate: nChains: 249999, chainLen: 4096: total time: 13 s, 877381 us
rank 11 of 16, generate: nChains: 249999, chainLen: 4096: total time: 13 s, 884424 us
rank 7 of 16, generate: nChains: 249999, chainLen: 4096: total time: 13 s, 885825 us
rank 0 of 16, generate: nChains: 249999, chainLen: 4096: total time: 13 s, 880175 us
rank 1 of 16, generate: nChains: 249999, chainLen: 4096: total time: 13 s, 889778 us
rank 10 of 16, generate: nChains: 249999, chainLen: 4096: total time: 13 s, 881484 us
rank 9 of 16, generate: nChains: 249999, chainLen: 4096: total time: 13 s, 896723 us
rank 6 of 16, generate: nChains: 249999, chainLen: 4096: total time: 13 s, 885906 us
rank 4 of 16, generate: nChains: 249999, chainLen: 4096: total time: 13 s, 877219 us
rank 15 of 16, generate: nChains: 249999, chainLen: 4096: total time: 13 s, 880420 us
rank 3 of 16, generate: nChains: 249999, chainLen: 4096: total time: 13 s, 885956 us
rank 2 of 16, generate: nChains: 249999, chainLen: 4096: total time: 13 s, 888442 us
rank 5 of 16, generate: nChains: 249999, chainLen: 4096: total time: 13 s, 912435 us
rank 14 of 16, generate: nChains: 249999, chainLen: 4096: total time: 13 s, 893190 us
rank 12 of 16, generate: nChains: 249999, chainLen: 4096: total time: 13 s, 916076 us
rank 13 of 16, generate: nChains: 249999, chainLen: 4096: total time: 14 s, 171117 us
rank 8 of 16, generate: nChains: 259999, chainLen: 4096: total time: 13 s, 880417 us
rank 11 of 16, generate: nChains: 259999, chainLen: 4096: total time: 13 s, 897994 us
rank 7 of 16, generate: nChains: 259999, chainLen: 4096: total time: 13 s, 879935 us
rank 0 of 16, generate: nChains: 259999, chainLen: 4096: total time: 13 s, 877477 us
rank 1 of 16, generate: nChains: 259999, chainLen: 4096: total time: 13 s, 881414 us
rank 10 of 16, generate: nChains: 259999, chainLen: 4096: total time: 13 s, 876241 us
rank 9 of 16, generate: nChains: 259999, chainLen: 4096: total time: 13 s, 925998 us
rank 6 of 16, generate: nChains: 259999, chainLen: 4096: total time: 13 s, 879927 us
rank 4 of 16, generate: nChains: 259999, chainLen: 4096: total time: 13 s, 886033 us
rank 15 of 16, generate: nChains: 259999, chainLen: 4096: total time: 13 s, 877266 us
rank 3 of 16, generate: nChains: 259999, chainLen: 4096: total time: 13 s, 879931 us
rank 2 of 16, generate: nChains: 259999, chainLen: 4096: total time: 13 s, 884093 us
rank 5 of 16, generate: nChains: 259999, chainLen: 4096: total time: 13 s, 884030 us
rank 14 of 16, generate: nChains: 259999, chainLen: 4096: total time: 13 s, 884020 us
rank 12 of 16, generate: nChains: 259999, chainLen: 4096: total time: 13 s, 934284 us
rank 13 of 16, generate: nChains: 259999, chainLen: 4096: total time: 14 s, 175241 us
rank 8 of 16, generate: nChains: 269999, chainLen: 4096: total time: 13 s, 877008 us
rank 7 of 16, generate: nChains: 269999, chainLen: 4096: total time: 13 s, 882778 us
rank 0 of 16, generate: nChains: 269999, chainLen: 4096: total time: 13 s, 881060 us
rank 11 of 16, generate: nChains: 269999, chainLen: 4096: total time: 13 s, 904737 us
rank 1 of 16, generate: nChains: 269999, chainLen: 4096: total time: 13 s, 888240 us
rank 10 of 16, generate: nChains: 269999, chainLen: 4096: total time: 13 s, 875651 us
rank 6 of 16, generate: nChains: 269999, chainLen: 4096: total time: 13 s, 879766 us
rank 9 of 16, generate: nChains: 269999, chainLen: 4096: total time: 13 s, 892310 us
rank 4 of 16, generate: nChains: 269999, chainLen: 4096: total time: 13 s, 881212 us
rank 15 of 16, generate: nChains: 269999, chainLen: 4096: total time: 13 s, 877042 us
rank 3 of 16, generate: nChains: 269999, chainLen: 4096: total time: 13 s, 881112 us
rank 2 of 16, generate: nChains: 269999, chainLen: 4096: total time: 13 s, 886735 us
rank 5 of 16, generate: nChains: 269999, chainLen: 4096: total time: 13 s, 886683 us
rank 14 of 16, generate: nChains: 269999, chainLen: 4096: total time: 13 s, 888098 us
rank 12 of 16, generate: nChains: 269999, chainLen: 4096: total time: 13 s, 916272 us
rank 13 of 16, generate: nChains: 269999, chainLen: 4096: total time: 14 s, 176774 us
rank 8 of 16, generate: nChains: 279999, chainLen: 4096: total time: 13 s, 878871 us
rank 0 of 16, generate: nChains: 279999, chainLen: 4096: total time: 13 s, 880291 us
rank 7 of 16, generate: nChains: 279999, chainLen: 4096: total time: 13 s, 891415 us
rank 11 of 16, generate: nChains: 279999, chainLen: 4096: total time: 13 s, 900309 us
rank 1 of 16, generate: nChains: 279999, chainLen: 4096: total time: 13 s, 895927 us
rank 10 of 16, generate: nChains: 279999, chainLen: 4096: total time: 13 s, 904097 us
rank 6 of 16, generate: nChains: 279999, chainLen: 4096: total time: 13 s, 884655 us
rank 4 of 16, generate: nChains: 279999, chainLen: 4096: total time: 13 s, 878939 us
rank 9 of 16, generate: nChains: 279999, chainLen: 4096: total time: 13 s, 948344 us
rank 15 of 16, generate: nChains: 279999, chainLen: 4096: total time: 13 s, 887293 us
rank 3 of 16, generate: nChains: 279999, chainLen: 4096: total time: 13 s, 886029 us
rank 2 of 16, generate: nChains: 279999, chainLen: 4096: total time: 13 s, 915606 us
rank 5 of 16, generate: nChains: 279999, chainLen: 4096: total time: 13 s, 889148 us
rank 14 of 16, generate: nChains: 279999, chainLen: 4096: total time: 13 s, 887388 us
rank 12 of 16, generate: nChains: 279999, chainLen: 4096: total time: 13 s, 916797 us
rank 13 of 16, generate: nChains: 279999, chainLen: 4096: total time: 14 s, 172894 us
rank 8 of 16, generate: nChains: 289999, chainLen: 4096: total time: 13 s, 881733 us
rank 0 of 16, generate: nChains: 289999, chainLen: 4096: total time: 13 s, 883346 us
rank 7 of 16, generate: nChains: 289999, chainLen: 4096: total time: 13 s, 893069 us
rank 1 of 16, generate: nChains: 289999, chainLen: 4096: total time: 13 s, 895548 us
rank 11 of 16, generate: nChains: 289999, chainLen: 4096: total time: 13 s, 901086 us
rank 10 of 16, generate: nChains: 289999, chainLen: 4096: total time: 13 s, 887292 us
rank 6 of 16, generate: nChains: 289999, chainLen: 4096: total time: 13 s, 881974 us
rank 4 of 16, generate: nChains: 289999, chainLen: 4096: total time: 13 s, 880498 us
rank 9 of 16, generate: nChains: 289999, chainLen: 4096: total time: 13 s, 876331 us
rank 15 of 16, generate: nChains: 289999, chainLen: 4096: total time: 13 s, 876333 us
rank 3 of 16, generate: nChains: 289999, chainLen: 4096: total time: 13 s, 882077 us
rank 2 of 16, generate: nChains: 289999, chainLen: 4096: total time: 13 s, 887148 us
rank 5 of 16, generate: nChains: 289999, chainLen: 4096: total time: 13 s, 885754 us
rank 14 of 16, generate: nChains: 289999, chainLen: 4096: total time: 13 s, 881959 us
rank 12 of 16, generate: nChains: 289999, chainLen: 4096: total time: 13 s, 930960 us
rank 13 of 16, generate: nChains: 289999, chainLen: 4096: total time: 14 s, 177788 us
rank 8 of 16, generate: nChains: 299999, chainLen: 4096: total time: 13 s, 878344 us
rank 0 of 16, generate: nChains: 299999, chainLen: 4096: total time: 13 s, 880940 us
rank 7 of 16, generate: nChains: 299999, chainLen: 4096: total time: 13 s, 889886 us
rank 1 of 16, generate: nChains: 299999, chainLen: 4096: total time: 13 s, 896784 us
rank 10 of 16, generate: nChains: 299999, chainLen: 4096: total time: 13 s, 890652 us
rank 11 of 16, generate: nChains: 299999, chainLen: 4096: total time: 13 s, 912923 us
rank 6 of 16, generate: nChains: 299999, chainLen: 4096: total time: 13 s, 886597 us
rank 4 of 16, generate: nChains: 299999, chainLen: 4096: total time: 13 s, 878119 us
rank 9 of 16, generate: nChains: 299999, chainLen: 4096: total time: 13 s, 897486 us
rank 15 of 16, generate: nChains: 299999, chainLen: 4096: total time: 13 s, 918282 us
rank 3 of 16, generate: nChains: 299999, chainLen: 4096: total time: 13 s, 942493 us
rank 2 of 16, generate: nChains: 299999, chainLen: 4096: total time: 13 s, 889237 us
rank 5 of 16, generate: nChains: 299999, chainLen: 4096: total time: 13 s, 889800 us
rank 14 of 16, generate: nChains: 299999, chainLen: 4096: total time: 13 s, 881944 us
rank 12 of 16, generate: nChains: 299999, chainLen: 4096: total time: 13 s, 916099 us
rank 13 of 16, generate: nChains: 299999, chainLen: 4096: total time: 14 s, 204284 us
rank 8 of 16, generate: nChains: 309999, chainLen: 4096: total time: 13 s, 878164 us
rank 0 of 16, generate: nChains: 309999, chainLen: 4096: total time: 13 s, 880915 us
rank 7 of 16, generate: nChains: 309999, chainLen: 4096: total time: 13 s, 879876 us
rank 10 of 16, generate: nChains: 309999, chainLen: 4096: total time: 13 s, 878162 us
rank 1 of 16, generate: nChains: 309999, chainLen: 4096: total time: 13 s, 879879 us
rank 11 of 16, generate: nChains: 309999, chainLen: 4096: total time: 13 s, 896356 us
rank 6 of 16, generate: nChains: 309999, chainLen: 4096: total time: 13 s, 880418 us
rank 4 of 16, generate: nChains: 309999, chainLen: 4096: total time: 13 s, 887983 us
rank 9 of 16, generate: nChains: 309999, chainLen: 4096: total time: 13 s, 878298 us
rank 15 of 16, generate: nChains: 309999, chainLen: 4096: total time: 13 s, 879640 us
rank 3 of 16, generate: nChains: 309999, chainLen: 4096: total time: 13 s, 895198 us
rank 2 of 16, generate: nChains: 309999, chainLen: 4096: total time: 13 s, 881782 us
rank 5 of 16, generate: nChains: 309999, chainLen: 4096: total time: 13 s, 882716 us
rank 14 of 16, generate: nChains: 309999, chainLen: 4096: total time: 13 s, 878366 us
rank 12 of 16, generate: nChains: 309999, chainLen: 4096: total time: 13 s, 933064 us
rank 13 of 16, generate: nChains: 309999, chainLen: 4096: total time: 14 s, 298596 us
rank 8 of 16, generate: nChains: 319999, chainLen: 4096: total time: 13 s, 876874 us
rank 0 of 16, generate: nChains: 319999, chainLen: 4096: total time: 13 s, 878818 us
rank 7 of 16, generate: nChains: 319999, chainLen: 4096: total time: 13 s, 885679 us
rank 10 of 16, generate: nChains: 319999, chainLen: 4096: total time: 13 s, 872629 us
rank 1 of 16, generate: nChains: 319999, chainLen: 4096: total time: 13 s, 885692 us
rank 6 of 16, generate: nChains: 319999, chainLen: 4096: total time: 13 s, 884296 us
rank 11 of 16, generate: nChains: 319999, chainLen: 4096: total time: 13 s, 898944 us
rank 4 of 16, generate: nChains: 319999, chainLen: 4096: total time: 13 s, 890733 us
rank 9 of 16, generate: nChains: 319999, chainLen: 4096: total time: 13 s, 873120 us
rank 15 of 16, generate: nChains: 319999, chainLen: 4096: total time: 13 s, 882228 us
rank 3 of 16, generate: nChains: 319999, chainLen: 4096: total time: 13 s, 900592 us
rank 2 of 16, generate: nChains: 319999, chainLen: 4096: total time: 13 s, 887185 us
rank 5 of 16, generate: nChains: 319999, chainLen: 4096: total time: 13 s, 885791 us
rank 14 of 16, generate: nChains: 319999, chainLen: 4096: total time: 13 s, 880158 us
rank 12 of 16, generate: nChains: 319999, chainLen: 4096: total time: 13 s, 914775 us
rank 13 of 16, generate: nChains: 319999, chainLen: 4096: total time: 14 s, 172420 us
rank 8 of 16, generate: nChains: 329999, chainLen: 4096: total time: 13 s, 873393 us
rank 0 of 16, generate: nChains: 329999, chainLen: 4096: total time: 13 s, 872953 us
rank 10 of 16, generate: nChains: 329999, chainLen: 4096: total time: 13 s, 873520 us
rank 7 of 16, generate: nChains: 329999, chainLen: 4096: total time: 13 s, 906771 us
rank 6 of 16, generate: nChains: 329999, chainLen: 4096: total time: 13 s, 888786 us
rank 1 of 16, generate: nChains: 329999, chainLen: 4096: total time: 13 s, 941559 us
rank 11 of 16, generate: nChains: 329999, chainLen: 4096: total time: 13 s, 902586 us
rank 4 of 16, generate: nChains: 329999, chainLen: 4096: total time: 13 s, 880375 us
rank 9 of 16, generate: nChains: 329999, chainLen: 4096: total time: 13 s, 877196 us
rank 15 of 16, generate: nChains: 329999, chainLen: 4096: total time: 13 s, 890387 us
rank 3 of 16, generate: nChains: 329999, chainLen: 4096: total time: 13 s, 887768 us
rank 2 of 16, generate: nChains: 329999, chainLen: 4096: total time: 13 s, 904443 us
rank 5 of 16, generate: nChains: 329999, chainLen: 4096: total time: 13 s, 890129 us
rank 14 of 16, generate: nChains: 329999, chainLen: 4096: total time: 13 s, 885461 us
rank 12 of 16, generate: nChains: 329999, chainLen: 4096: total time: 13 s, 914194 us
rank 13 of 16, generate: nChains: 329999, chainLen: 4096: total time: 14 s, 170449 us
rank 8 of 16, generate: nChains: 339999, chainLen: 4096: total time: 13 s, 879642 us
rank 0 of 16, generate: nChains: 339999, chainLen: 4096: total time: 13 s, 883131 us
rank 10 of 16, generate: nChains: 339999, chainLen: 4096: total time: 13 s, 876345 us
rank 7 of 16, generate: nChains: 339999, chainLen: 4096: total time: 13 s, 885929 us
rank 6 of 16, generate: nChains: 339999, chainLen: 4096: total time: 13 s, 881715 us
rank 11 of 16, generate: nChains: 339999, chainLen: 4096: total time: 13 s, 880413 us
rank 1 of 16, generate: nChains: 339999, chainLen: 4096: total time: 13 s, 901144 us
rank 9 of 16, generate: nChains: 339999, chainLen: 4096: total time: 13 s, 876335 us
rank 4 of 16, generate: nChains: 339999, chainLen: 4096: total time: 13 s, 880519 us
rank 15 of 16, generate: nChains: 339999, chainLen: 4096: total time: 13 s, 884606 us
rank 3 of 16, generate: nChains: 339999, chainLen: 4096: total time: 13 s, 881840 us
rank 5 of 16, generate: nChains: 339999, chainLen: 4096: total time: 13 s, 887410 us
rank 2 of 16, generate: nChains: 339999, chainLen: 4096: total time: 13 s, 903635 us
rank 14 of 16, generate: nChains: 339999, chainLen: 4096: total time: 13 s, 879546 us
rank 12 of 16, generate: nChains: 339999, chainLen: 4096: total time: 13 s, 931138 us
rank 13 of 16, generate: nChains: 339999, chainLen: 4096: total time: 14 s, 172927 us
rank 8 of 16, generate: nChains: 349999, chainLen: 4096: total time: 13 s, 878438 us
rank 0 of 16, generate: nChains: 349999, chainLen: 4096: total time: 13 s, 874773 us
rank 10 of 16, generate: nChains: 349999, chainLen: 4096: total time: 13 s, 877418 us
rank 7 of 16, generate: nChains: 349999, chainLen: 4096: total time: 13 s, 903429 us
rank 6 of 16, generate: nChains: 349999, chainLen: 4096: total time: 13 s, 896741 us
rank 11 of 16, generate: nChains: 349999, chainLen: 4096: total time: 13 s, 888142 us
rank 9 of 16, generate: nChains: 349999, chainLen: 4096: total time: 13 s, 879608 us
rank 4 of 16, generate: nChains: 349999, chainLen: 4096: total time: 13 s, 873124 us
rank 1 of 16, generate: nChains: 349999, chainLen: 4096: total time: 13 s, 942291 us
rank 15 of 16, generate: nChains: 349999, chainLen: 4096: total time: 13 s, 886421 us
rank 3 of 16, generate: nChains: 349999, chainLen: 4096: total time: 13 s, 888100 us
rank 5 of 16, generate: nChains: 349999, chainLen: 4096: total time: 13 s, 890836 us
rank 14 of 16, generate: nChains: 349999, chainLen: 4096: total time: 13 s, 887996 us
rank 2 of 16, generate: nChains: 349999, chainLen: 4096: total time: 13 s, 907495 us
rank 12 of 16, generate: nChains: 349999, chainLen: 4096: total time: 13 s, 909484 us
rank 13 of 16, generate: nChains: 349999, chainLen: 4096: total time: 14 s, 170632 us
rank 8 of 16, generate: nChains: 359999, chainLen: 4096: total time: 13 s, 877058 us
rank 0 of 16, generate: nChains: 359999, chainLen: 4096: total time: 13 s, 878722 us
rank 10 of 16, generate: nChains: 359999, chainLen: 4096: total time: 13 s, 883467 us
rank 7 of 16, generate: nChains: 359999, chainLen: 4096: total time: 13 s, 883989 us
rank 11 of 16, generate: nChains: 359999, chainLen: 4096: total time: 13 s, 882583 us
rank 6 of 16, generate: nChains: 359999, chainLen: 4096: total time: 13 s, 899481 us
rank 4 of 16, generate: nChains: 359999, chainLen: 4096: total time: 13 s, 877171 us
rank 9 of 16, generate: nChains: 359999, chainLen: 4096: total time: 13 s, 877649 us
rank 1 of 16, generate: nChains: 359999, chainLen: 4096: total time: 13 s, 903740 us
rank 15 of 16, generate: nChains: 359999, chainLen: 4096: total time: 13 s, 877803 us
rank 3 of 16, generate: nChains: 359999, chainLen: 4096: total time: 13 s, 883958 us
rank 14 of 16, generate: nChains: 359999, chainLen: 4096: total time: 13 s, 879655 us
rank 5 of 16, generate: nChains: 359999, chainLen: 4096: total time: 13 s, 887019 us
rank 2 of 16, generate: nChains: 359999, chainLen: 4096: total time: 13 s, 887024 us
rank 12 of 16, generate: nChains: 359999, chainLen: 4096: total time: 13 s, 909342 us
rank 13 of 16, generate: nChains: 359999, chainLen: 4096: total time: 14 s, 173662 us
rank 8 of 16, generate: nChains: 369999, chainLen: 4096: total time: 13 s, 882477 us
rank 0 of 16, generate: nChains: 369999, chainLen: 4096: total time: 13 s, 880877 us
rank 10 of 16, generate: nChains: 369999, chainLen: 4096: total time: 13 s, 882963 us
rank 7 of 16, generate: nChains: 369999, chainLen: 4096: total time: 13 s, 881583 us
rank 11 of 16, generate: nChains: 369999, chainLen: 4096: total time: 13 s, 880200 us
rank 4 of 16, generate: nChains: 369999, chainLen: 4096: total time: 13 s, 882620 us
rank 9 of 16, generate: nChains: 369999, chainLen: 4096: total time: 13 s, 878442 us
rank 6 of 16, generate: nChains: 369999, chainLen: 4096: total time: 13 s, 915276 us
rank 15 of 16, generate: nChains: 369999, chainLen: 4096: total time: 13 s, 878458 us
rank 1 of 16, generate: nChains: 369999, chainLen: 4096: total time: 13 s, 947938 us
rank 3 of 16, generate: nChains: 369999, chainLen: 4096: total time: 13 s, 880203 us
rank 14 of 16, generate: nChains: 369999, chainLen: 4096: total time: 13 s, 878878 us
rank 5 of 16, generate: nChains: 369999, chainLen: 4096: total time: 13 s, 884535 us
rank 2 of 16, generate: nChains: 369999, chainLen: 4096: total time: 13 s, 886831 us
rank 12 of 16, generate: nChains: 369999, chainLen: 4096: total time: 13 s, 909895 us
rank 13 of 16, generate: nChains: 369999, chainLen: 4096: total time: 14 s, 171584 us
rank 8 of 16, generate: nChains: 379999, chainLen: 4096: total time: 13 s, 879237 us
rank 0 of 16, generate: nChains: 379999, chainLen: 4096: total time: 13 s, 879185 us
rank 10 of 16, generate: nChains: 379999, chainLen: 4096: total time: 13 s, 883274 us
rank 7 of 16, generate: nChains: 379999, chainLen: 4096: total time: 13 s, 886063 us
rank 11 of 16, generate: nChains: 379999, chainLen: 4096: total time: 13 s, 884060 us
rank 4 of 16, generate: nChains: 379999, chainLen: 4096: total time: 13 s, 880537 us
rank 9 of 16, generate: nChains: 379999, chainLen: 4096: total time: 13 s, 908956 us
rank 6 of 16, generate: nChains: 379999, chainLen: 4096: total time: 13 s, 900374 us
rank 15 of 16, generate: nChains: 379999, chainLen: 4096: total time: 13 s, 879797 us
rank 1 of 16, generate: nChains: 379999, chainLen: 4096: total time: 13 s, 905136 us
rank 3 of 16, generate: nChains: 379999, chainLen: 4096: total time: 13 s, 885187 us
rank 14 of 16, generate: nChains: 379999, chainLen: 4096: total time: 13 s, 882494 us
rank 5 of 16, generate: nChains: 379999, chainLen: 4096: total time: 13 s, 882970 us
rank 2 of 16, generate: nChains: 379999, chainLen: 4096: total time: 13 s, 921024 us
rank 12 of 16, generate: nChains: 379999, chainLen: 4096: total time: 13 s, 918723 us
rank 13 of 16, generate: nChains: 379999, chainLen: 4096: total time: 14 s, 170319 us
rank 8 of 16, generate: nChains: 389999, chainLen: 4096: total time: 13 s, 879142 us
rank 0 of 16, generate: nChains: 389999, chainLen: 4096: total time: 13 s, 879161 us
rank 10 of 16, generate: nChains: 389999, chainLen: 4096: total time: 13 s, 884416 us
rank 7 of 16, generate: nChains: 389999, chainLen: 4096: total time: 13 s, 883033 us
rank 11 of 16, generate: nChains: 389999, chainLen: 4096: total time: 13 s, 880841 us
rank 4 of 16, generate: nChains: 389999, chainLen: 4096: total time: 13 s, 881904 us
rank 9 of 16, generate: nChains: 389999, chainLen: 4096: total time: 13 s, 874313 us
rank 6 of 16, generate: nChains: 389999, chainLen: 4096: total time: 13 s, 907676 us
rank 15 of 16, generate: nChains: 389999, chainLen: 4096: total time: 13 s, 874288 us
rank 3 of 16, generate: nChains: 389999, chainLen: 4096: total time: 13 s, 881105 us
rank 14 of 16, generate: nChains: 389999, chainLen: 4096: total time: 13 s, 878494 us
rank 1 of 16, generate: nChains: 389999, chainLen: 4096: total time: 13 s, 945955 us
rank 5 of 16, generate: nChains: 389999, chainLen: 4096: total time: 13 s, 881475 us
rank 2 of 16, generate: nChains: 389999, chainLen: 4096: total time: 13 s, 890843 us
rank 12 of 16, generate: nChains: 389999, chainLen: 4096: total time: 13 s, 911616 us
rank 13 of 16, generate: nChains: 389999, chainLen: 4096: total time: 14 s, 181501 us
rank 8 of 16, generate: nChains: 399999, chainLen: 4096: total time: 13 s, 877207 us
rank 0 of 16, generate: nChains: 399999, chainLen: 4096: total time: 13 s, 890053 us
rank 10 of 16, generate: nChains: 399999, chainLen: 4096: total time: 13 s, 911837 us
rank 7 of 16, generate: nChains: 399999, chainLen: 4096: total time: 13 s, 887254 us
rank 11 of 16, generate: nChains: 399999, chainLen: 4096: total time: 13 s, 884113 us
rank 4 of 16, generate: nChains: 399999, chainLen: 4096: total time: 13 s, 877217 us
rank 9 of 16, generate: nChains: 399999, chainLen: 4096: total time: 13 s, 882522 us
rank 15 of 16, generate: nChains: 399999, chainLen: 4096: total time: 13 s, 899374 us
rank 6 of 16, generate: nChains: 399999, chainLen: 4096: total time: 13 s, 916461 us
rank 3 of 16, generate: nChains: 399999, chainLen: 4096: total time: 13 s, 881820 us
rank 14 of 16, generate: nChains: 399999, chainLen: 4096: total time: 13 s, 883218 us
rank 5 of 16, generate: nChains: 399999, chainLen: 4096: total time: 13 s, 891682 us
rank 1 of 16, generate: nChains: 399999, chainLen: 4096: total time: 13 s, 908115 us
rank 2 of 16, generate: nChains: 399999, chainLen: 4096: total time: 13 s, 897345 us
rank 12 of 16, generate: nChains: 399999, chainLen: 4096: total time: 13 s, 918559 us
rank 13 of 16, generate: nChains: 399999, chainLen: 4096: total time: 14 s, 173552 us
rank 8 of 16, generate: nChains: 409999, chainLen: 4096: total time: 13 s, 878439 us
rank 0 of 16, generate: nChains: 409999, chainLen: 4096: total time: 13 s, 878013 us
rank 7 of 16, generate: nChains: 409999, chainLen: 4096: total time: 13 s, 883305 us
rank 10 of 16, generate: nChains: 409999, chainLen: 4096: total time: 13 s, 912775 us
rank 4 of 16, generate: nChains: 409999, chainLen: 4096: total time: 13 s, 876967 us
rank 11 of 16, generate: nChains: 409999, chainLen: 4096: total time: 13 s, 880680 us
rank 9 of 16, generate: nChains: 409999, chainLen: 4096: total time: 13 s, 877208 us
rank 15 of 16, generate: nChains: 409999, chainLen: 4096: total time: 13 s, 877012 us
rank 6 of 16, generate: nChains: 409999, chainLen: 4096: total time: 13 s, 886479 us
rank 3 of 16, generate: nChains: 409999, chainLen: 4096: total time: 13 s, 879230 us
rank 14 of 16, generate: nChains: 409999, chainLen: 4096: total time: 13 s, 879193 us
rank 5 of 16, generate: nChains: 409999, chainLen: 4096: total time: 13 s, 882871 us
rank 1 of 16, generate: nChains: 409999, chainLen: 4096: total time: 13 s, 955507 us
rank 2 of 16, generate: nChains: 409999, chainLen: 4096: total time: 13 s, 885997 us
rank 12 of 16, generate: nChains: 409999, chainLen: 4096: total time: 13 s, 920793 us
rank 13 of 16, generate: nChains: 409999, chainLen: 4096: total time: 14 s, 176627 us
rank 8 of 16, generate: nChains: 419999, chainLen: 4096: total time: 13 s, 880925 us
rank 0 of 16, generate: nChains: 419999, chainLen: 4096: total time: 13 s, 879625 us
rank 7 of 16, generate: nChains: 419999, chainLen: 4096: total time: 13 s, 887709 us
rank 10 of 16, generate: nChains: 419999, chainLen: 4096: total time: 13 s, 900037 us
rank 4 of 16, generate: nChains: 419999, chainLen: 4096: total time: 13 s, 879808 us
rank 11 of 16, generate: nChains: 419999, chainLen: 4096: total time: 13 s, 883524 us
rank 9 of 16, generate: nChains: 419999, chainLen: 4096: total time: 13 s, 875262 us
rank 15 of 16, generate: nChains: 419999, chainLen: 4096: total time: 13 s, 875204 us
rank 6 of 16, generate: nChains: 419999, chainLen: 4096: total time: 13 s, 886164 us
rank 3 of 16, generate: nChains: 419999, chainLen: 4096: total time: 13 s, 881680 us
rank 14 of 16, generate: nChains: 419999, chainLen: 4096: total time: 13 s, 883566 us
rank 5 of 16, generate: nChains: 419999, chainLen: 4096: total time: 13 s, 886302 us
rank 2 of 16, generate: nChains: 419999, chainLen: 4096: total time: 13 s, 886080 us
rank 1 of 16, generate: nChains: 419999, chainLen: 4096: total time: 13 s, 902616 us
rank 12 of 16, generate: nChains: 419999, chainLen: 4096: total time: 13 s, 931080 us
rank 13 of 16, generate: nChains: 419999, chainLen: 4096: total time: 14 s, 170844 us


PS:

Read file <241921.err> for stderr output of this job.

